2020-09-26 00:00:43 [main] INFO  com.hwt.spider.SpiderApplication - Starting SpiderApplication on MSI with PID 8720 (E:\spiderProject\target\classes started by hometown in E:\spiderProject)
2020-09-26 00:00:43 [main] INFO  com.hwt.spider.SpiderApplication - No active profile set, falling back to default profiles: default
2020-09-26 00:00:45 [main] INFO  o.s.boot.web.embedded.tomcat.TomcatWebServer - Tomcat initialized with port(s): 8081 (http)
2020-09-26 00:00:45 [main] INFO  org.apache.coyote.http11.Http11NioProtocol - Initializing ProtocolHandler ["http-nio-8081"]
2020-09-26 00:00:45 [main] INFO  org.apache.catalina.core.StandardService - Starting service [Tomcat]
2020-09-26 00:00:45 [main] INFO  org.apache.catalina.core.StandardEngine - Starting Servlet engine: [Apache Tomcat/9.0.38]
2020-09-26 00:00:45 [main] INFO  o.a.c.c.C.[Tomcat].[localhost].[/api/spider] - Initializing Spring embedded WebApplicationContext
2020-09-26 00:00:45 [main] INFO  o.s.b.w.s.c.ServletWebServerApplicationContext - Root WebApplicationContext: initialization completed in 1687 ms
2020-09-26 00:00:45 [main] INFO  s.d.s.w.PropertySourcedRequestMappingHandlerMapping - Mapped URL path [/v2/api-docs] onto method [springfox.documentation.swagger2.web.Swagger2Controller#getDocumentation(String, HttpServletRequest)]
2020-09-26 00:00:45 [main] INFO  o.s.scheduling.concurrent.ThreadPoolTaskExecutor - Initializing ExecutorService 'applicationTaskExecutor'
2020-09-26 00:00:46 [main] INFO  org.apache.coyote.http11.Http11NioProtocol - Starting ProtocolHandler ["http-nio-8081"]
2020-09-26 00:00:46 [main] INFO  o.s.boot.web.embedded.tomcat.TomcatWebServer - Tomcat started on port(s): 8081 (http) with context path '/api/spider'
2020-09-26 00:00:46 [main] INFO  s.d.s.web.plugins.DocumentationPluginsBootstrapper - Context refreshed
2020-09-26 00:00:46 [main] INFO  s.d.s.web.plugins.DocumentationPluginsBootstrapper - Found 1 custom documentation plugin(s)
2020-09-26 00:00:46 [main] INFO  s.d.spring.web.scanners.ApiListingReferenceScanner - Scanning for api listing references
2020-09-26 00:00:46 [main] INFO  s.d.s.w.r.operation.CachingOperationNameGenerator - Generating unique operation named: listUsingPOST_1
2020-09-26 00:00:46 [main] INFO  com.hwt.spider.SpiderApplication - Started SpiderApplication in 3.637 seconds (JVM running for 4.859)
2020-09-26 00:01:16 [main] INFO  com.hwt.spider.SpiderApplication - Starting SpiderApplication on MSI with PID 10328 (E:\spiderProject\target\classes started by hometown in E:\spiderProject)
2020-09-26 00:01:16 [main] INFO  com.hwt.spider.SpiderApplication - No active profile set, falling back to default profiles: default
2020-09-26 00:01:17 [main] INFO  o.s.boot.web.embedded.tomcat.TomcatWebServer - Tomcat initialized with port(s): 8081 (http)
2020-09-26 00:01:17 [main] INFO  org.apache.coyote.http11.Http11NioProtocol - Initializing ProtocolHandler ["http-nio-8081"]
2020-09-26 00:01:17 [main] INFO  org.apache.catalina.core.StandardService - Starting service [Tomcat]
2020-09-26 00:01:17 [main] INFO  org.apache.catalina.core.StandardEngine - Starting Servlet engine: [Apache Tomcat/9.0.38]
2020-09-26 00:01:17 [main] INFO  o.a.c.c.C.[Tomcat].[localhost].[/api/spider] - Initializing Spring embedded WebApplicationContext
2020-09-26 00:01:17 [main] INFO  o.s.b.w.s.c.ServletWebServerApplicationContext - Root WebApplicationContext: initialization completed in 1075 ms
2020-09-26 00:01:18 [main] INFO  s.d.s.w.PropertySourcedRequestMappingHandlerMapping - Mapped URL path [/v2/api-docs] onto method [springfox.documentation.swagger2.web.Swagger2Controller#getDocumentation(String, HttpServletRequest)]
2020-09-26 00:01:18 [main] INFO  o.s.scheduling.concurrent.ThreadPoolTaskExecutor - Initializing ExecutorService 'applicationTaskExecutor'
2020-09-26 00:01:18 [main] INFO  org.apache.coyote.http11.Http11NioProtocol - Starting ProtocolHandler ["http-nio-8081"]
2020-09-26 00:01:18 [main] INFO  o.s.boot.web.embedded.tomcat.TomcatWebServer - Tomcat started on port(s): 8081 (http) with context path '/api/spider'
2020-09-26 00:01:18 [main] INFO  s.d.s.web.plugins.DocumentationPluginsBootstrapper - Context refreshed
2020-09-26 00:01:18 [main] INFO  s.d.s.web.plugins.DocumentationPluginsBootstrapper - Found 1 custom documentation plugin(s)
2020-09-26 00:01:18 [main] INFO  s.d.spring.web.scanners.ApiListingReferenceScanner - Scanning for api listing references
2020-09-26 00:01:18 [main] INFO  s.d.s.w.r.operation.CachingOperationNameGenerator - Generating unique operation named: listUsingPOST_1
2020-09-26 00:01:18 [main] INFO  com.hwt.spider.SpiderApplication - Started SpiderApplication in 2.53 seconds (JVM running for 3.29)
2020-09-26 00:01:30 [http-nio-8081-exec-1] INFO  o.a.c.c.C.[Tomcat].[localhost].[/api/spider] - Initializing Spring DispatcherServlet 'dispatcherServlet'
2020-09-26 00:01:30 [http-nio-8081-exec-1] INFO  org.springframework.web.servlet.DispatcherServlet - Initializing Servlet 'dispatcherServlet'
2020-09-26 00:01:30 [http-nio-8081-exec-1] INFO  org.springframework.web.servlet.DispatcherServlet - Completed initialization in 4 ms
