2020-11-03 11:10:30.375  INFO 17440 --- [main] com.hwt.spider.SpiderApplication         : Starting SpiderApplication on hsbjb0129 with PID 17440 (D:\myProject\spiderProject\target\classes started by Administrator in D:\myProject\spiderProject)
2020-11-03 11:10:30.383  INFO 17440 --- [main] com.hwt.spider.SpiderApplication         : No active profile set, falling back to default profiles: default
2020-11-03 11:10:31.851  INFO 17440 --- [main] .s.d.r.c.RepositoryConfigurationDelegate : Multiple Spring Data modules found, entering strict repository configuration mode!
2020-11-03 11:10:31.854  INFO 17440 --- [main] .s.d.r.c.RepositoryConfigurationDelegate : Bootstrapping Spring Data Redis repositories in DEFAULT mode.
2020-11-03 11:10:31.953  INFO 17440 --- [main] .s.d.r.c.RepositoryConfigurationDelegate : Finished Spring Data repository scanning in 40ms. Found 0 Redis repository interfaces.
2020-11-03 11:10:32.930  INFO 17440 --- [main] o.s.b.w.embedded.tomcat.TomcatWebServer  : Tomcat initialized with port(s): 8081 (http)
2020-11-03 11:10:32.940  INFO 17440 --- [main] o.apache.catalina.core.StandardService   : Starting service [Tomcat]
2020-11-03 11:10:32.941  INFO 17440 --- [main] org.apache.catalina.core.StandardEngine  : Starting Servlet engine: [Apache Tomcat/9.0.38]
2020-11-03 11:10:33.144  INFO 17440 --- [main] o.a.c.c.C.[.[localhost].[/api/spider]    : Initializing Spring embedded WebApplicationContext
2020-11-03 11:10:33.145  INFO 17440 --- [main] w.s.c.ServletWebServerApplicationContext : Root WebApplicationContext: initialization completed in 2655 ms
2020-11-03 11:10:34.925  INFO 17440 --- [main] pertySourcedRequestMappingHandlerMapping : Mapped URL path [/v2/api-docs] onto method [springfox.documentation.swagger2.web.Swagger2Controller#getDocumentation(String, HttpServletRequest)]
2020-11-03 11:10:35.330  INFO 17440 --- [main] o.s.b.w.embedded.tomcat.TomcatWebServer  : Tomcat started on port(s): 8081 (http) with context path '/api/spider'
2020-11-03 11:10:35.331  INFO 17440 --- [main] d.s.w.p.DocumentationPluginsBootstrapper : Context refreshed
2020-11-03 11:10:35.344  INFO 17440 --- [main] d.s.w.p.DocumentationPluginsBootstrapper : Found 1 custom documentation plugin(s)
2020-11-03 11:10:35.376  INFO 17440 --- [main] s.d.s.w.s.ApiListingReferenceScanner     : Scanning for api listing references
2020-11-03 11:10:35.486  INFO 17440 --- [main] .d.s.w.r.o.CachingOperationNameGenerator : Generating unique operation named: listUsingPOST_1
2020-11-03 11:10:35.505  INFO 17440 --- [main] com.hwt.spider.SpiderApplication         : Started SpiderApplication in 5.96 seconds (JVM running for 7.32)
2020-11-03 11:11:01.997  INFO 17440 --- [http-nio-8081-exec-1] o.a.c.c.C.[.[localhost].[/api/spider]    : Initializing Spring DispatcherServlet 'dispatcherServlet'
2020-11-03 11:11:01.997  INFO 17440 --- [http-nio-8081-exec-1] o.s.web.servlet.DispatcherServlet        : Initializing Servlet 'dispatcherServlet'
2020-11-03 11:11:02.010  INFO 17440 --- [http-nio-8081-exec-1] o.s.web.servlet.DispatcherServlet        : Completed initialization in 12 ms
2020-11-03 11:11:02.283  INFO 17440 --- [http-nio-8081-exec-2] com.zaxxer.hikari.HikariDataSource       : HikariPool-1 - Starting...
2020-11-03 11:11:02.682  INFO 17440 --- [http-nio-8081-exec-2] com.zaxxer.hikari.HikariDataSource       : HikariPool-1 - Start completed.
2020-11-03 11:11:02.697 DEBUG 17440 --- [http-nio-8081-exec-2] c.h.s.m.SpiderUserMapper.getUserByMail   : ==>  Preparing: select ID, MAIL, USER_NAME, PASS_WORD, CREATE_TIME from spider_user where MAIL = ?
2020-11-03 11:11:02.745 DEBUG 17440 --- [http-nio-8081-exec-2] c.h.s.m.SpiderUserMapper.getUserByMail   : ==> Parameters: 樱岛麻衣(String)
2020-11-03 11:11:02.784 DEBUG 17440 --- [http-nio-8081-exec-2] c.h.s.m.SpiderUserMapper.getUserByMail   : <==      Total: 0
2020-11-03 11:11:02.796 ERROR 17440 --- [http-nio-8081-exec-2] c.h.s.exception.GlobalExceptionHandler   : 发生错误null,来源http://localhost:8081/api/spider/login/login
2020-11-03 11:12:01.258 DEBUG 17440 --- [http-nio-8081-exec-4] c.h.s.m.SpiderUserMapper.getUserByMail   : ==>  Preparing: select ID, MAIL, USER_NAME, PASS_WORD, CREATE_TIME from spider_user where MAIL = ?
2020-11-03 11:12:01.258 DEBUG 17440 --- [http-nio-8081-exec-4] c.h.s.m.SpiderUserMapper.getUserByMail   : ==> Parameters: 1415128257@qq.com(String)
2020-11-03 11:12:01.276 DEBUG 17440 --- [http-nio-8081-exec-4] c.h.s.m.SpiderUserMapper.getUserByMail   : <==      Total: 1
2020-11-03 11:12:02.524 DEBUG 17440 --- [http-nio-8081-exec-4] c.h.s.m.S.selectByPrimaryKey             : ==>  Preparing: select ID, MAIL, USER_NAME, PASS_WORD, CREATE_TIME from spider_user where ID = ?
2020-11-03 11:12:02.526 DEBUG 17440 --- [http-nio-8081-exec-4] c.h.s.m.S.selectByPrimaryKey             : ==> Parameters: 1(Long)
2020-11-03 11:12:02.538 DEBUG 17440 --- [http-nio-8081-exec-4] c.h.s.m.S.selectByPrimaryKey             : <==      Total: 1
2020-11-03 11:15:20.139  INFO 3376 --- [main] com.hwt.spider.SpiderApplication         : Starting SpiderApplication on hsbjb0129 with PID 3376 (D:\myProject\spiderProject\target\classes started by Administrator in D:\myProject\spiderProject)
2020-11-03 11:15:20.142  INFO 3376 --- [main] com.hwt.spider.SpiderApplication         : No active profile set, falling back to default profiles: default
2020-11-03 11:15:20.820  INFO 3376 --- [main] .s.d.r.c.RepositoryConfigurationDelegate : Multiple Spring Data modules found, entering strict repository configuration mode!
2020-11-03 11:15:20.822  INFO 3376 --- [main] .s.d.r.c.RepositoryConfigurationDelegate : Bootstrapping Spring Data Redis repositories in DEFAULT mode.
2020-11-03 11:15:20.849  INFO 3376 --- [main] .s.d.r.c.RepositoryConfigurationDelegate : Finished Spring Data repository scanning in 18ms. Found 0 Redis repository interfaces.
2020-11-03 11:15:21.287  INFO 3376 --- [main] o.s.b.w.embedded.tomcat.TomcatWebServer  : Tomcat initialized with port(s): 8081 (http)
2020-11-03 11:15:21.293  INFO 3376 --- [main] o.apache.catalina.core.StandardService   : Starting service [Tomcat]
2020-11-03 11:15:21.294  INFO 3376 --- [main] org.apache.catalina.core.StandardEngine  : Starting Servlet engine: [Apache Tomcat/9.0.38]
2020-11-03 11:15:21.380  INFO 3376 --- [main] o.a.c.c.C.[.[localhost].[/api/spider]    : Initializing Spring embedded WebApplicationContext
2020-11-03 11:15:21.380  INFO 3376 --- [main] w.s.c.ServletWebServerApplicationContext : Root WebApplicationContext: initialization completed in 1197 ms
2020-11-03 11:15:22.204  INFO 3376 --- [main] pertySourcedRequestMappingHandlerMapping : Mapped URL path [/v2/api-docs] onto method [springfox.documentation.swagger2.web.Swagger2Controller#getDocumentation(String, HttpServletRequest)]
2020-11-03 11:15:22.436  INFO 3376 --- [main] o.s.b.w.embedded.tomcat.TomcatWebServer  : Tomcat started on port(s): 8081 (http) with context path '/api/spider'
2020-11-03 11:15:22.437  INFO 3376 --- [main] d.s.w.p.DocumentationPluginsBootstrapper : Context refreshed
2020-11-03 11:15:22.447  INFO 3376 --- [main] d.s.w.p.DocumentationPluginsBootstrapper : Found 1 custom documentation plugin(s)
2020-11-03 11:15:22.467  INFO 3376 --- [main] s.d.s.w.s.ApiListingReferenceScanner     : Scanning for api listing references
2020-11-03 11:15:22.551  INFO 3376 --- [main] .d.s.w.r.o.CachingOperationNameGenerator : Generating unique operation named: listUsingPOST_1
2020-11-03 11:15:22.567  INFO 3376 --- [main] com.hwt.spider.SpiderApplication         : Started SpiderApplication in 2.8 seconds (JVM running for 3.472)
2020-11-03 11:16:02.853  INFO 3376 --- [http-nio-8081-exec-1] o.a.c.c.C.[.[localhost].[/api/spider]    : Initializing Spring DispatcherServlet 'dispatcherServlet'
2020-11-03 11:16:02.854  INFO 3376 --- [http-nio-8081-exec-1] o.s.web.servlet.DispatcherServlet        : Initializing Servlet 'dispatcherServlet'
2020-11-03 11:16:02.864  INFO 3376 --- [http-nio-8081-exec-1] o.s.web.servlet.DispatcherServlet        : Completed initialization in 9 ms
2020-11-03 11:16:03.016  INFO 3376 --- [http-nio-8081-exec-5] com.zaxxer.hikari.HikariDataSource       : HikariPool-1 - Starting...
2020-11-03 11:16:03.279  INFO 3376 --- [http-nio-8081-exec-5] com.zaxxer.hikari.HikariDataSource       : HikariPool-1 - Start completed.
2020-11-03 11:16:03.292 DEBUG 3376 --- [http-nio-8081-exec-5] c.h.s.m.SpiderUserMapper.getUserByMail   : ==>  Preparing: select ID, MAIL, USER_NAME, PASS_WORD, CREATE_TIME from spider_user where MAIL = ?
2020-11-03 11:16:03.324 DEBUG 3376 --- [http-nio-8081-exec-5] c.h.s.m.SpiderUserMapper.getUserByMail   : ==> Parameters: 1415128257@qq.com(String)
2020-11-03 11:16:03.366 DEBUG 3376 --- [http-nio-8081-exec-5] c.h.s.m.SpiderUserMapper.getUserByMail   : <==      Total: 1
2020-11-03 11:16:04.235 DEBUG 3376 --- [http-nio-8081-exec-5] c.h.s.m.S.selectByPrimaryKey             : ==>  Preparing: select ID, MAIL, USER_NAME, PASS_WORD, CREATE_TIME from spider_user where ID = ?
2020-11-03 11:16:04.236 DEBUG 3376 --- [http-nio-8081-exec-5] c.h.s.m.S.selectByPrimaryKey             : ==> Parameters: 1(Long)
2020-11-03 11:16:04.246 DEBUG 3376 --- [http-nio-8081-exec-5] c.h.s.m.S.selectByPrimaryKey             : <==      Total: 1
2020-11-03 11:20:09.005  INFO 3328 --- [main] com.hwt.spider.SpiderApplication         : Starting SpiderApplication on hsbjb0129 with PID 3328 (D:\myProject\spiderProject\target\classes started by Administrator in D:\myProject\spiderProject)
2020-11-03 11:20:09.008  INFO 3328 --- [main] com.hwt.spider.SpiderApplication         : No active profile set, falling back to default profiles: default
2020-11-03 11:20:09.683  INFO 3328 --- [main] .s.d.r.c.RepositoryConfigurationDelegate : Multiple Spring Data modules found, entering strict repository configuration mode!
2020-11-03 11:20:09.684  INFO 3328 --- [main] .s.d.r.c.RepositoryConfigurationDelegate : Bootstrapping Spring Data Redis repositories in DEFAULT mode.
2020-11-03 11:20:09.712  INFO 3328 --- [main] .s.d.r.c.RepositoryConfigurationDelegate : Finished Spring Data repository scanning in 18ms. Found 0 Redis repository interfaces.
2020-11-03 11:20:10.164  INFO 3328 --- [main] o.s.b.w.embedded.tomcat.TomcatWebServer  : Tomcat initialized with port(s): 8081 (http)
2020-11-03 11:20:10.170  INFO 3328 --- [main] o.apache.catalina.core.StandardService   : Starting service [Tomcat]
2020-11-03 11:20:10.170  INFO 3328 --- [main] org.apache.catalina.core.StandardEngine  : Starting Servlet engine: [Apache Tomcat/9.0.38]
2020-11-03 11:20:10.254  INFO 3328 --- [main] o.a.c.c.C.[.[localhost].[/api/spider]    : Initializing Spring embedded WebApplicationContext
2020-11-03 11:20:10.254  INFO 3328 --- [main] w.s.c.ServletWebServerApplicationContext : Root WebApplicationContext: initialization completed in 1201 ms
2020-11-03 11:20:11.071  INFO 3328 --- [main] pertySourcedRequestMappingHandlerMapping : Mapped URL path [/v2/api-docs] onto method [springfox.documentation.swagger2.web.Swagger2Controller#getDocumentation(String, HttpServletRequest)]
2020-11-03 11:20:11.301  INFO 3328 --- [main] o.s.b.w.embedded.tomcat.TomcatWebServer  : Tomcat started on port(s): 8081 (http) with context path '/api/spider'
2020-11-03 11:20:11.302  INFO 3328 --- [main] d.s.w.p.DocumentationPluginsBootstrapper : Context refreshed
2020-11-03 11:20:11.312  INFO 3328 --- [main] d.s.w.p.DocumentationPluginsBootstrapper : Found 1 custom documentation plugin(s)
2020-11-03 11:20:11.332  INFO 3328 --- [main] s.d.s.w.s.ApiListingReferenceScanner     : Scanning for api listing references
2020-11-03 11:20:11.417  INFO 3328 --- [main] .d.s.w.r.o.CachingOperationNameGenerator : Generating unique operation named: listUsingPOST_1
2020-11-03 11:20:11.432  INFO 3328 --- [main] com.hwt.spider.SpiderApplication         : Started SpiderApplication in 2.787 seconds (JVM running for 3.487)
2020-11-03 11:20:25.694  INFO 3328 --- [http-nio-8081-exec-1] o.a.c.c.C.[.[localhost].[/api/spider]    : Initializing Spring DispatcherServlet 'dispatcherServlet'
2020-11-03 11:20:25.694  INFO 3328 --- [http-nio-8081-exec-1] o.s.web.servlet.DispatcherServlet        : Initializing Servlet 'dispatcherServlet'
2020-11-03 11:20:25.701  INFO 3328 --- [http-nio-8081-exec-1] o.s.web.servlet.DispatcherServlet        : Completed initialization in 7 ms
2020-11-03 11:22:08.275  INFO 12148 --- [main] com.hwt.spider.SpiderApplication         : Starting SpiderApplication on hsbjb0129 with PID 12148 (D:\myProject\spiderProject\target\classes started by Administrator in D:\myProject\spiderProject)
2020-11-03 11:22:08.279  INFO 12148 --- [main] com.hwt.spider.SpiderApplication         : No active profile set, falling back to default profiles: default
2020-11-03 11:22:08.963  INFO 12148 --- [main] .s.d.r.c.RepositoryConfigurationDelegate : Multiple Spring Data modules found, entering strict repository configuration mode!
2020-11-03 11:22:08.964  INFO 12148 --- [main] .s.d.r.c.RepositoryConfigurationDelegate : Bootstrapping Spring Data Redis repositories in DEFAULT mode.
2020-11-03 11:22:08.991  INFO 12148 --- [main] .s.d.r.c.RepositoryConfigurationDelegate : Finished Spring Data repository scanning in 17ms. Found 0 Redis repository interfaces.
2020-11-03 11:22:09.431  INFO 12148 --- [main] o.s.b.w.embedded.tomcat.TomcatWebServer  : Tomcat initialized with port(s): 8081 (http)
2020-11-03 11:22:09.438  INFO 12148 --- [main] o.apache.catalina.core.StandardService   : Starting service [Tomcat]
2020-11-03 11:22:09.438  INFO 12148 --- [main] org.apache.catalina.core.StandardEngine  : Starting Servlet engine: [Apache Tomcat/9.0.38]
2020-11-03 11:22:09.524  INFO 12148 --- [main] o.a.c.c.C.[.[localhost].[/api/spider]    : Initializing Spring embedded WebApplicationContext
2020-11-03 11:22:09.524  INFO 12148 --- [main] w.s.c.ServletWebServerApplicationContext : Root WebApplicationContext: initialization completed in 1196 ms
2020-11-03 11:22:10.342  INFO 12148 --- [main] pertySourcedRequestMappingHandlerMapping : Mapped URL path [/v2/api-docs] onto method [springfox.documentation.swagger2.web.Swagger2Controller#getDocumentation(String, HttpServletRequest)]
2020-11-03 11:22:10.576  INFO 12148 --- [main] o.s.b.w.embedded.tomcat.TomcatWebServer  : Tomcat started on port(s): 8081 (http) with context path '/api/spider'
2020-11-03 11:22:10.577  INFO 12148 --- [main] d.s.w.p.DocumentationPluginsBootstrapper : Context refreshed
2020-11-03 11:22:10.587  INFO 12148 --- [main] d.s.w.p.DocumentationPluginsBootstrapper : Found 1 custom documentation plugin(s)
2020-11-03 11:22:10.608  INFO 12148 --- [main] s.d.s.w.s.ApiListingReferenceScanner     : Scanning for api listing references
2020-11-03 11:22:10.693  INFO 12148 --- [main] .d.s.w.r.o.CachingOperationNameGenerator : Generating unique operation named: listUsingPOST_1
2020-11-03 11:22:10.709  INFO 12148 --- [main] com.hwt.spider.SpiderApplication         : Started SpiderApplication in 2.784 seconds (JVM running for 3.521)
2020-11-03 11:22:19.037  INFO 12148 --- [http-nio-8081-exec-1] o.a.c.c.C.[.[localhost].[/api/spider]    : Initializing Spring DispatcherServlet 'dispatcherServlet'
2020-11-03 11:22:19.037  INFO 12148 --- [http-nio-8081-exec-1] o.s.web.servlet.DispatcherServlet        : Initializing Servlet 'dispatcherServlet'
2020-11-03 11:22:19.043  INFO 12148 --- [http-nio-8081-exec-1] o.s.web.servlet.DispatcherServlet        : Completed initialization in 5 ms
2020-11-03 11:23:24.563  INFO 8764 --- [main] com.hwt.spider.SpiderApplication         : Starting SpiderApplication on hsbjb0129 with PID 8764 (D:\myProject\spiderProject\target\classes started by Administrator in D:\myProject\spiderProject)
2020-11-03 11:23:24.567  INFO 8764 --- [main] com.hwt.spider.SpiderApplication         : No active profile set, falling back to default profiles: default
2020-11-03 11:23:25.312  INFO 8764 --- [main] .s.d.r.c.RepositoryConfigurationDelegate : Multiple Spring Data modules found, entering strict repository configuration mode!
2020-11-03 11:23:25.314  INFO 8764 --- [main] .s.d.r.c.RepositoryConfigurationDelegate : Bootstrapping Spring Data Redis repositories in DEFAULT mode.
2020-11-03 11:23:25.342  INFO 8764 --- [main] .s.d.r.c.RepositoryConfigurationDelegate : Finished Spring Data repository scanning in 19ms. Found 0 Redis repository interfaces.
2020-11-03 11:23:25.785  INFO 8764 --- [main] o.s.b.w.embedded.tomcat.TomcatWebServer  : Tomcat initialized with port(s): 8081 (http)
2020-11-03 11:23:25.792  INFO 8764 --- [main] o.apache.catalina.core.StandardService   : Starting service [Tomcat]
2020-11-03 11:23:25.792  INFO 8764 --- [main] org.apache.catalina.core.StandardEngine  : Starting Servlet engine: [Apache Tomcat/9.0.38]
2020-11-03 11:23:25.877  INFO 8764 --- [main] o.a.c.c.C.[.[localhost].[/api/spider]    : Initializing Spring embedded WebApplicationContext
2020-11-03 11:23:25.877  INFO 8764 --- [main] w.s.c.ServletWebServerApplicationContext : Root WebApplicationContext: initialization completed in 1250 ms
2020-11-03 11:23:26.709  INFO 8764 --- [main] pertySourcedRequestMappingHandlerMapping : Mapped URL path [/v2/api-docs] onto method [springfox.documentation.swagger2.web.Swagger2Controller#getDocumentation(String, HttpServletRequest)]
2020-11-03 11:23:26.941  INFO 8764 --- [main] o.s.b.w.embedded.tomcat.TomcatWebServer  : Tomcat started on port(s): 8081 (http) with context path '/api/spider'
2020-11-03 11:23:26.942  INFO 8764 --- [main] d.s.w.p.DocumentationPluginsBootstrapper : Context refreshed
2020-11-03 11:23:26.952  INFO 8764 --- [main] d.s.w.p.DocumentationPluginsBootstrapper : Found 1 custom documentation plugin(s)
2020-11-03 11:23:26.972  INFO 8764 --- [main] s.d.s.w.s.ApiListingReferenceScanner     : Scanning for api listing references
2020-11-03 11:23:27.055  INFO 8764 --- [main] .d.s.w.r.o.CachingOperationNameGenerator : Generating unique operation named: listUsingPOST_1
2020-11-03 11:23:27.072  INFO 8764 --- [main] com.hwt.spider.SpiderApplication         : Started SpiderApplication in 3.036 seconds (JVM running for 3.832)
2020-11-03 11:23:40.021  INFO 8764 --- [http-nio-8081-exec-1] o.a.c.c.C.[.[localhost].[/api/spider]    : Initializing Spring DispatcherServlet 'dispatcherServlet'
2020-11-03 11:23:40.021  INFO 8764 --- [http-nio-8081-exec-1] o.s.web.servlet.DispatcherServlet        : Initializing Servlet 'dispatcherServlet'
2020-11-03 11:23:40.027  INFO 8764 --- [http-nio-8081-exec-1] o.s.web.servlet.DispatcherServlet        : Completed initialization in 6 ms
2020-11-03 11:23:40.529  INFO 8764 --- [http-nio-8081-exec-2] com.zaxxer.hikari.HikariDataSource       : HikariPool-1 - Starting...
2020-11-03 11:23:40.688  INFO 8764 --- [http-nio-8081-exec-2] com.zaxxer.hikari.HikariDataSource       : HikariPool-1 - Start completed.
2020-11-03 11:23:40.694 DEBUG 8764 --- [http-nio-8081-exec-2] c.h.s.m.S.selectByParam                  : ==>  Preparing: select FICTION_NAME, AUTHOR, URL from spider_fiction WHERE FICTION_NAME like '%哈哈哈%' or AUTHOR like '%哈哈哈%'
2020-11-03 11:23:40.710 DEBUG 8764 --- [http-nio-8081-exec-2] c.h.s.m.S.selectByParam                  : ==> Parameters: 
2020-11-03 11:23:40.732 DEBUG 8764 --- [http-nio-8081-exec-2] c.h.s.m.S.selectByParam                  : <==      Total: 1
2020-11-03 11:32:07.011  INFO 9768 --- [main] com.hwt.spider.SpiderApplication         : Starting SpiderApplication on hsbjb0129 with PID 9768 (D:\myProject\spiderProject\target\classes started by Administrator in D:\myProject\spiderProject)
2020-11-03 11:32:07.014  INFO 9768 --- [main] com.hwt.spider.SpiderApplication         : No active profile set, falling back to default profiles: default
2020-11-03 11:32:07.754  INFO 9768 --- [main] .s.d.r.c.RepositoryConfigurationDelegate : Multiple Spring Data modules found, entering strict repository configuration mode!
2020-11-03 11:32:07.756  INFO 9768 --- [main] .s.d.r.c.RepositoryConfigurationDelegate : Bootstrapping Spring Data Redis repositories in DEFAULT mode.
2020-11-03 11:32:07.783  INFO 9768 --- [main] .s.d.r.c.RepositoryConfigurationDelegate : Finished Spring Data repository scanning in 17ms. Found 0 Redis repository interfaces.
2020-11-03 11:32:08.260  INFO 9768 --- [main] o.s.b.w.embedded.tomcat.TomcatWebServer  : Tomcat initialized with port(s): 8081 (http)
2020-11-03 11:32:08.267  INFO 9768 --- [main] o.apache.catalina.core.StandardService   : Starting service [Tomcat]
2020-11-03 11:32:08.267  INFO 9768 --- [main] org.apache.catalina.core.StandardEngine  : Starting Servlet engine: [Apache Tomcat/9.0.38]
2020-11-03 11:32:08.355  INFO 9768 --- [main] o.a.c.c.C.[.[localhost].[/api/spider]    : Initializing Spring embedded WebApplicationContext
2020-11-03 11:32:08.355  INFO 9768 --- [main] w.s.c.ServletWebServerApplicationContext : Root WebApplicationContext: initialization completed in 1290 ms
2020-11-03 11:32:09.208  INFO 9768 --- [main] pertySourcedRequestMappingHandlerMapping : Mapped URL path [/v2/api-docs] onto method [springfox.documentation.swagger2.web.Swagger2Controller#getDocumentation(String, HttpServletRequest)]
2020-11-03 11:32:09.450  INFO 9768 --- [main] o.s.b.w.embedded.tomcat.TomcatWebServer  : Tomcat started on port(s): 8081 (http) with context path '/api/spider'
2020-11-03 11:32:09.451  INFO 9768 --- [main] d.s.w.p.DocumentationPluginsBootstrapper : Context refreshed
2020-11-03 11:32:09.461  INFO 9768 --- [main] d.s.w.p.DocumentationPluginsBootstrapper : Found 1 custom documentation plugin(s)
2020-11-03 11:32:09.482  INFO 9768 --- [main] s.d.s.w.s.ApiListingReferenceScanner     : Scanning for api listing references
2020-11-03 11:32:09.566  INFO 9768 --- [main] .d.s.w.r.o.CachingOperationNameGenerator : Generating unique operation named: listUsingPOST_1
2020-11-03 11:32:09.582  INFO 9768 --- [main] com.hwt.spider.SpiderApplication         : Started SpiderApplication in 2.936 seconds (JVM running for 3.638)
2020-11-03 11:32:57.265  INFO 9768 --- [http-nio-8081-exec-1] o.a.c.c.C.[.[localhost].[/api/spider]    : Initializing Spring DispatcherServlet 'dispatcherServlet'
2020-11-03 11:32:57.265  INFO 9768 --- [http-nio-8081-exec-1] o.s.web.servlet.DispatcherServlet        : Initializing Servlet 'dispatcherServlet'
2020-11-03 11:32:57.270  INFO 9768 --- [http-nio-8081-exec-1] o.s.web.servlet.DispatcherServlet        : Completed initialization in 5 ms
2020-11-03 11:34:24.856  INFO 11572 --- [main] com.hwt.spider.SpiderApplication         : Starting SpiderApplication on hsbjb0129 with PID 11572 (D:\myProject\spiderProject\target\classes started by Administrator in D:\myProject\spiderProject)
2020-11-03 11:34:24.859  INFO 11572 --- [main] com.hwt.spider.SpiderApplication         : No active profile set, falling back to default profiles: default
2020-11-03 11:34:25.532  INFO 11572 --- [main] .s.d.r.c.RepositoryConfigurationDelegate : Multiple Spring Data modules found, entering strict repository configuration mode!
2020-11-03 11:34:25.533  INFO 11572 --- [main] .s.d.r.c.RepositoryConfigurationDelegate : Bootstrapping Spring Data Redis repositories in DEFAULT mode.
2020-11-03 11:34:25.558  INFO 11572 --- [main] .s.d.r.c.RepositoryConfigurationDelegate : Finished Spring Data repository scanning in 16ms. Found 0 Redis repository interfaces.
2020-11-03 11:34:25.998  INFO 11572 --- [main] o.s.b.w.embedded.tomcat.TomcatWebServer  : Tomcat initialized with port(s): 8081 (http)
2020-11-03 11:34:26.004  INFO 11572 --- [main] o.apache.catalina.core.StandardService   : Starting service [Tomcat]
2020-11-03 11:34:26.004  INFO 11572 --- [main] org.apache.catalina.core.StandardEngine  : Starting Servlet engine: [Apache Tomcat/9.0.38]
2020-11-03 11:34:26.090  INFO 11572 --- [main] o.a.c.c.C.[.[localhost].[/api/spider]    : Initializing Spring embedded WebApplicationContext
2020-11-03 11:34:26.090  INFO 11572 --- [main] w.s.c.ServletWebServerApplicationContext : Root WebApplicationContext: initialization completed in 1180 ms
2020-11-03 11:34:26.912  INFO 11572 --- [main] pertySourcedRequestMappingHandlerMapping : Mapped URL path [/v2/api-docs] onto method [springfox.documentation.swagger2.web.Swagger2Controller#getDocumentation(String, HttpServletRequest)]
2020-11-03 11:34:27.145  INFO 11572 --- [main] o.s.b.w.embedded.tomcat.TomcatWebServer  : Tomcat started on port(s): 8081 (http) with context path '/api/spider'
2020-11-03 11:34:27.146  INFO 11572 --- [main] d.s.w.p.DocumentationPluginsBootstrapper : Context refreshed
2020-11-03 11:34:27.156  INFO 11572 --- [main] d.s.w.p.DocumentationPluginsBootstrapper : Found 1 custom documentation plugin(s)
2020-11-03 11:34:27.177  INFO 11572 --- [main] s.d.s.w.s.ApiListingReferenceScanner     : Scanning for api listing references
2020-11-03 11:34:27.261  INFO 11572 --- [main] .d.s.w.r.o.CachingOperationNameGenerator : Generating unique operation named: listUsingPOST_1
2020-11-03 11:34:27.276  INFO 11572 --- [main] com.hwt.spider.SpiderApplication         : Started SpiderApplication in 2.8 seconds (JVM running for 3.517)
2020-11-03 11:34:40.079  INFO 11572 --- [http-nio-8081-exec-1] o.a.c.c.C.[.[localhost].[/api/spider]    : Initializing Spring DispatcherServlet 'dispatcherServlet'
2020-11-03 11:34:40.080  INFO 11572 --- [http-nio-8081-exec-1] o.s.web.servlet.DispatcherServlet        : Initializing Servlet 'dispatcherServlet'
2020-11-03 11:34:40.086  INFO 11572 --- [http-nio-8081-exec-1] o.s.web.servlet.DispatcherServlet        : Completed initialization in 6 ms
2020-11-03 11:35:04.444  INFO 17984 --- [main] com.hwt.spider.SpiderApplication         : Starting SpiderApplication on hsbjb0129 with PID 17984 (D:\myProject\spiderProject\target\classes started by Administrator in D:\myProject\spiderProject)
2020-11-03 11:35:04.447  INFO 17984 --- [main] com.hwt.spider.SpiderApplication         : No active profile set, falling back to default profiles: default
2020-11-03 11:35:05.204  INFO 17984 --- [main] .s.d.r.c.RepositoryConfigurationDelegate : Multiple Spring Data modules found, entering strict repository configuration mode!
2020-11-03 11:35:05.206  INFO 17984 --- [main] .s.d.r.c.RepositoryConfigurationDelegate : Bootstrapping Spring Data Redis repositories in DEFAULT mode.
2020-11-03 11:35:05.280  INFO 17984 --- [main] .s.d.r.c.RepositoryConfigurationDelegate : Finished Spring Data repository scanning in 48ms. Found 0 Redis repository interfaces.
2020-11-03 11:35:05.879  INFO 17984 --- [main] o.s.b.w.embedded.tomcat.TomcatWebServer  : Tomcat initialized with port(s): 8081 (http)
2020-11-03 11:35:05.888  INFO 17984 --- [main] o.apache.catalina.core.StandardService   : Starting service [Tomcat]
2020-11-03 11:35:05.888  INFO 17984 --- [main] org.apache.catalina.core.StandardEngine  : Starting Servlet engine: [Apache Tomcat/9.0.38]
2020-11-03 11:35:06.012  INFO 17984 --- [main] o.a.c.c.C.[.[localhost].[/api/spider]    : Initializing Spring embedded WebApplicationContext
2020-11-03 11:35:06.012  INFO 17984 --- [main] w.s.c.ServletWebServerApplicationContext : Root WebApplicationContext: initialization completed in 1503 ms
2020-11-03 11:35:07.130  INFO 17984 --- [main] pertySourcedRequestMappingHandlerMapping : Mapped URL path [/v2/api-docs] onto method [springfox.documentation.swagger2.web.Swagger2Controller#getDocumentation(String, HttpServletRequest)]
2020-11-03 11:35:07.439  INFO 17984 --- [main] o.s.b.w.embedded.tomcat.TomcatWebServer  : Tomcat started on port(s): 8081 (http) with context path '/api/spider'
2020-11-03 11:35:07.441  INFO 17984 --- [main] d.s.w.p.DocumentationPluginsBootstrapper : Context refreshed
2020-11-03 11:35:07.454  INFO 17984 --- [main] d.s.w.p.DocumentationPluginsBootstrapper : Found 1 custom documentation plugin(s)
2020-11-03 11:35:07.479  INFO 17984 --- [main] s.d.s.w.s.ApiListingReferenceScanner     : Scanning for api listing references
2020-11-03 11:35:07.588  INFO 17984 --- [main] .d.s.w.r.o.CachingOperationNameGenerator : Generating unique operation named: listUsingPOST_1
2020-11-03 11:35:07.609  INFO 17984 --- [main] com.hwt.spider.SpiderApplication         : Started SpiderApplication in 3.565 seconds (JVM running for 4.256)
2020-11-03 11:35:10.850  INFO 17984 --- [http-nio-8081-exec-1] o.a.c.c.C.[.[localhost].[/api/spider]    : Initializing Spring DispatcherServlet 'dispatcherServlet'
2020-11-03 11:35:10.851  INFO 17984 --- [http-nio-8081-exec-1] o.s.web.servlet.DispatcherServlet        : Initializing Servlet 'dispatcherServlet'
2020-11-03 11:35:10.856  INFO 17984 --- [http-nio-8081-exec-1] o.s.web.servlet.DispatcherServlet        : Completed initialization in 5 ms
2020-11-03 11:42:38.795  INFO 2172 --- [main] com.hwt.spider.SpiderApplication         : Starting SpiderApplication on hsbjb0129 with PID 2172 (D:\myProject\spiderProject\target\classes started by Administrator in D:\myProject\spiderProject)
2020-11-03 11:42:38.799  INFO 2172 --- [main] com.hwt.spider.SpiderApplication         : No active profile set, falling back to default profiles: default
2020-11-03 11:42:39.587  INFO 2172 --- [main] .s.d.r.c.RepositoryConfigurationDelegate : Multiple Spring Data modules found, entering strict repository configuration mode!
2020-11-03 11:42:39.588  INFO 2172 --- [main] .s.d.r.c.RepositoryConfigurationDelegate : Bootstrapping Spring Data Redis repositories in DEFAULT mode.
2020-11-03 11:42:39.616  INFO 2172 --- [main] .s.d.r.c.RepositoryConfigurationDelegate : Finished Spring Data repository scanning in 18ms. Found 0 Redis repository interfaces.
2020-11-03 11:42:40.087  INFO 2172 --- [main] o.s.b.w.embedded.tomcat.TomcatWebServer  : Tomcat initialized with port(s): 8081 (http)
2020-11-03 11:42:40.094  INFO 2172 --- [main] o.apache.catalina.core.StandardService   : Starting service [Tomcat]
2020-11-03 11:42:40.094  INFO 2172 --- [main] org.apache.catalina.core.StandardEngine  : Starting Servlet engine: [Apache Tomcat/9.0.38]
2020-11-03 11:42:40.182  INFO 2172 --- [main] o.a.c.c.C.[.[localhost].[/api/spider]    : Initializing Spring embedded WebApplicationContext
2020-11-03 11:42:40.182  INFO 2172 --- [main] w.s.c.ServletWebServerApplicationContext : Root WebApplicationContext: initialization completed in 1317 ms
2020-11-03 11:42:41.051  INFO 2172 --- [main] pertySourcedRequestMappingHandlerMapping : Mapped URL path [/v2/api-docs] onto method [springfox.documentation.swagger2.web.Swagger2Controller#getDocumentation(String, HttpServletRequest)]
2020-11-03 11:42:41.304  INFO 2172 --- [main] o.s.b.w.embedded.tomcat.TomcatWebServer  : Tomcat started on port(s): 8081 (http) with context path '/api/spider'
2020-11-03 11:42:41.305  INFO 2172 --- [main] d.s.w.p.DocumentationPluginsBootstrapper : Context refreshed
2020-11-03 11:42:41.314  INFO 2172 --- [main] d.s.w.p.DocumentationPluginsBootstrapper : Found 1 custom documentation plugin(s)
2020-11-03 11:42:41.337  INFO 2172 --- [main] s.d.s.w.s.ApiListingReferenceScanner     : Scanning for api listing references
2020-11-03 11:42:41.428  INFO 2172 --- [main] .d.s.w.r.o.CachingOperationNameGenerator : Generating unique operation named: listUsingPOST_1
2020-11-03 11:42:41.444  INFO 2172 --- [main] com.hwt.spider.SpiderApplication         : Started SpiderApplication in 3.028 seconds (JVM running for 3.752)
2020-11-03 11:42:58.305  INFO 2172 --- [http-nio-8081-exec-1] o.a.c.c.C.[.[localhost].[/api/spider]    : Initializing Spring DispatcherServlet 'dispatcherServlet'
2020-11-03 11:42:58.305  INFO 2172 --- [http-nio-8081-exec-1] o.s.web.servlet.DispatcherServlet        : Initializing Servlet 'dispatcherServlet'
2020-11-03 11:42:58.311  INFO 2172 --- [http-nio-8081-exec-1] o.s.web.servlet.DispatcherServlet        : Completed initialization in 5 ms
2020-11-03 11:44:31.906  INFO 14844 --- [main] com.hwt.spider.SpiderApplication         : Starting SpiderApplication on hsbjb0129 with PID 14844 (D:\myProject\spiderProject\target\classes started by Administrator in D:\myProject\spiderProject)
2020-11-03 11:44:31.910  INFO 14844 --- [main] com.hwt.spider.SpiderApplication         : No active profile set, falling back to default profiles: default
2020-11-03 11:44:32.615  INFO 14844 --- [main] .s.d.r.c.RepositoryConfigurationDelegate : Multiple Spring Data modules found, entering strict repository configuration mode!
2020-11-03 11:44:32.617  INFO 14844 --- [main] .s.d.r.c.RepositoryConfigurationDelegate : Bootstrapping Spring Data Redis repositories in DEFAULT mode.
2020-11-03 11:44:32.645  INFO 14844 --- [main] .s.d.r.c.RepositoryConfigurationDelegate : Finished Spring Data repository scanning in 18ms. Found 0 Redis repository interfaces.
2020-11-03 11:44:33.102  INFO 14844 --- [main] o.s.b.w.embedded.tomcat.TomcatWebServer  : Tomcat initialized with port(s): 8081 (http)
2020-11-03 11:44:33.108  INFO 14844 --- [main] o.apache.catalina.core.StandardService   : Starting service [Tomcat]
2020-11-03 11:44:33.108  INFO 14844 --- [main] org.apache.catalina.core.StandardEngine  : Starting Servlet engine: [Apache Tomcat/9.0.38]
2020-11-03 11:44:33.197  INFO 14844 --- [main] o.a.c.c.C.[.[localhost].[/api/spider]    : Initializing Spring embedded WebApplicationContext
2020-11-03 11:44:33.197  INFO 14844 --- [main] w.s.c.ServletWebServerApplicationContext : Root WebApplicationContext: initialization completed in 1234 ms
2020-11-03 11:44:34.064  INFO 14844 --- [main] pertySourcedRequestMappingHandlerMapping : Mapped URL path [/v2/api-docs] onto method [springfox.documentation.swagger2.web.Swagger2Controller#getDocumentation(String, HttpServletRequest)]
2020-11-03 11:44:34.306  INFO 14844 --- [main] o.s.b.w.embedded.tomcat.TomcatWebServer  : Tomcat started on port(s): 8081 (http) with context path '/api/spider'
2020-11-03 11:44:34.307  INFO 14844 --- [main] d.s.w.p.DocumentationPluginsBootstrapper : Context refreshed
2020-11-03 11:44:34.317  INFO 14844 --- [main] d.s.w.p.DocumentationPluginsBootstrapper : Found 1 custom documentation plugin(s)
2020-11-03 11:44:34.338  INFO 14844 --- [main] s.d.s.w.s.ApiListingReferenceScanner     : Scanning for api listing references
2020-11-03 11:44:34.424  INFO 14844 --- [main] .d.s.w.r.o.CachingOperationNameGenerator : Generating unique operation named: listUsingPOST_1
2020-11-03 11:44:34.441  INFO 14844 --- [main] com.hwt.spider.SpiderApplication         : Started SpiderApplication in 2.923 seconds (JVM running for 3.637)
2020-11-03 11:44:43.882  INFO 14844 --- [http-nio-8081-exec-1] o.a.c.c.C.[.[localhost].[/api/spider]    : Initializing Spring DispatcherServlet 'dispatcherServlet'
2020-11-03 11:44:43.883  INFO 14844 --- [http-nio-8081-exec-1] o.s.web.servlet.DispatcherServlet        : Initializing Servlet 'dispatcherServlet'
2020-11-03 11:44:43.890  INFO 14844 --- [http-nio-8081-exec-1] o.s.web.servlet.DispatcherServlet        : Completed initialization in 7 ms
